<?xml version="1.0" encoding="UTF-8"?>
<!-- Generated by org.testng.reporters.JUnitReportReporter -->
<testsuite hostname="Acer-Pc" name="com.fino.OBCOperativeAccountSummaryTest" tests="1" failures="1" timestamp="16 Nov 2015 18:25:07 GMT" time="0.001" errors="0">
  <testcase name="initiateWalkAwayTransactions" time="0.001" classname="com.fino.OBCOperativeAccountSummaryTest">
    <failure type="org.openqa.selenium.WebDriverException" message="Failed to connect to binary FirefoxBinary(C:\Program Files (x86)\Mozilla Firefox\firefox.exe) on port 7055; process output follows: 
972ce4c6-7e08-4474-a285-3208198ce6fd}&quot;:{&quot;d&quot;:&quot;C:\\Program Files (x86)\\Mozilla Firefox\\browser\\extensions\\{972ce4c6-7e08-4474-a285-3208198ce6fd}&quot;,&quot;e&quot;:true,&quot;v&quot;:&quot;42.0&quot;,&quot;st&quot;:1446891603699,&quot;mt&quot;:1446891602346}}}
1447698261672	addons.xpi	DEBUG	No changes found
1447698263353	addons.xpi	DEBUG	Registering manifest for C:\Program Files (x86)\Mozilla Firefox\browser\extensions\{82AF8DCA-6DE9-405D-BD5E-43525BDAD38A}.xpi
1447698263355	addons.xpi	DEBUG	Loading bootstrap scope from C:\Program Files (x86)\Mozilla Firefox\browser\extensions\{82AF8DCA-6DE9-405D-BD5E-43525BDAD38A}.xpi
1447698263370	addons.xpi	DEBUG	Calling bootstrap method startup on {82AF8DCA-6DE9-405D-BD5E-43525BDAD38A} version 7.5.0.9082
1447698263437	addons.manager	DEBUG	Registering shutdown blocker for XPIProvider
1447698263437	addons.manager	DEBUG	Provider finished startup: XPIProvider
1447698263437	addons.manager	DEBUG	Starting provider: LightweightThemeManager
1447698263437	addons.manager	DEBUG	Registering shutdown blocker for LightweightThemeManager
1447698263438	addons.manager	DEBUG	Provider finished startup: LightweightThemeManager
1447698263438	addons.manager	DEBUG	Starting provider: GMPProvider
1447698263446	addons.manager	DEBUG	Registering shutdown blocker for GMPProvider
1447698263446	addons.manager	DEBUG	Provider finished startup: GMPProvider
1447698263446	addons.manager	DEBUG	Starting provider: PluginProvider
1447698263447	addons.manager	DEBUG	Registering shutdown blocker for PluginProvider
1447698263447	addons.manager	DEBUG	Provider finished startup: PluginProvider
1447698263447	addons.manager	DEBUG	Completed startup sequence
1447698263556	addons.xpi-utils	DEBUG	Starting async load of XPI database C:\Users\Acer\AppData\Local\Temp\anonymous4733992855758213289webdriver-profile\extensions.json
*** Blocklist::_loadBlocklistFromFile: blocklist is disabled
1447698263775	addons.manager	DEBUG	Starting provider: &lt;unnamed-provider&gt;
1447698263775	addons.manager	DEBUG	Registering shutdown blocker for &lt;unnamed-provider&gt;
1447698263776	addons.manager	DEBUG	Provider finished startup: &lt;unnamed-provider&gt;
1447698263894	addons.xpi-utils	DEBUG	Async JSON file read took 0 MS
1447698263894	addons.xpi-utils	DEBUG	Finished async read of XPI database, parsing...
1447698263895	addons.xpi-utils	DEBUG	Successfully read XPI database
1447698263990	addons.manager	DEBUG	Starting provider: PreviousExperimentProvider
1447698263990	addons.manager	DEBUG	Registering shutdown blocker for PreviousExperimentProvider
1447698263990	addons.manager	DEBUG	Provider finished startup: PreviousExperimentProvider
JavaScript error: file:///C:/Users/Acer/AppData/Local/Temp/anonymous4733992855758213289webdriver-profile/extensions/fxdriver@googlecode.com/components/driver-component.js, line 11487: TypeError: this.server_ is undefined
JavaScript error: chrome://fxdriver/content/server.js, line 38: NS_ERROR_XPC_CI_RETURNED_FAILURE: Component returned failure code: 0x80570015 (NS_ERROR_XPC_CI_RETURNED_FAILURE) [nsIJSCID.createInstance]
JavaScript error: resource://skype_ff_extension-at-jetpack/skype_ff_extension/data/c2c_options_menu_localization.js, line 189: TypeError: document.getElementById(...) is null
1447698274097	addons.xpi	DEBUG	Calling bootstrap method shutdown on {82AF8DCA-6DE9-405D-BD5E-43525BDAD38A} version 7.5.0.9082
1447698274432	addons.manager	DEBUG	shutdown
1447698274433	addons.manager	DEBUG	Calling shutdown blocker for XPIProvider
1447698274433	addons.xpi	DEBUG	shutdown
1447698274433	addons.xpi-utils	DEBUG	shutdown
1447698274434	addons.manager	DEBUG	Calling shutdown blocker for LightweightThemeManager
1447698274435	addons.manager	DEBUG	Calling shutdown blocker for GMPProvider
1447698274438	addons.manager	DEBUG	Calling shutdown blocker for PluginProvider
1447698274439	addons.manager	DEBUG	Calling shutdown blocker for &lt;unnamed-provider&gt;
1447698274440	addons.manager	DEBUG	Calling shutdown blocker for PreviousExperimentProvider
1447698274444	addons.xpi	DEBUG	Notifying XPI shutdown observers
1447698274450	addons.manager	DEBUG	Async provider shutdown done

Build info: version: &#039;2.44.0&#039;, revision: &#039;76d78cf&#039;, time: &#039;2014-10-23 20:02:37&#039;
System info: host: &#039;Acer-Pc&#039;, ip: &#039;192.168.198.1&#039;, os.name: &#039;Windows 8.1&#039;, os.arch: &#039;amd64&#039;, os.version: &#039;6.3&#039;, java.version: &#039;1.7.0_79&#039;
Driver info: driver.version: FirefoxDriver">
      <![CDATA[org.openqa.selenium.WebDriverException: Failed to connect to binary FirefoxBinary(C:\Program Files (x86)\Mozilla Firefox\firefox.exe) on port 7055; process output follows: 
972ce4c6-7e08-4474-a285-3208198ce6fd}":{"d":"C:\\Program Files (x86)\\Mozilla Firefox\\browser\\extensions\\{972ce4c6-7e08-4474-a285-3208198ce6fd}","e":true,"v":"42.0","st":1446891603699,"mt":1446891602346}}}
1447698261672	addons.xpi	DEBUG	No changes found
1447698263353	addons.xpi	DEBUG	Registering manifest for C:\Program Files (x86)\Mozilla Firefox\browser\extensions\{82AF8DCA-6DE9-405D-BD5E-43525BDAD38A}.xpi
1447698263355	addons.xpi	DEBUG	Loading bootstrap scope from C:\Program Files (x86)\Mozilla Firefox\browser\extensions\{82AF8DCA-6DE9-405D-BD5E-43525BDAD38A}.xpi
1447698263370	addons.xpi	DEBUG	Calling bootstrap method startup on {82AF8DCA-6DE9-405D-BD5E-43525BDAD38A} version 7.5.0.9082
1447698263437	addons.manager	DEBUG	Registering shutdown blocker for XPIProvider
1447698263437	addons.manager	DEBUG	Provider finished startup: XPIProvider
1447698263437	addons.manager	DEBUG	Starting provider: LightweightThemeManager
1447698263437	addons.manager	DEBUG	Registering shutdown blocker for LightweightThemeManager
1447698263438	addons.manager	DEBUG	Provider finished startup: LightweightThemeManager
1447698263438	addons.manager	DEBUG	Starting provider: GMPProvider
1447698263446	addons.manager	DEBUG	Registering shutdown blocker for GMPProvider
1447698263446	addons.manager	DEBUG	Provider finished startup: GMPProvider
1447698263446	addons.manager	DEBUG	Starting provider: PluginProvider
1447698263447	addons.manager	DEBUG	Registering shutdown blocker for PluginProvider
1447698263447	addons.manager	DEBUG	Provider finished startup: PluginProvider
1447698263447	addons.manager	DEBUG	Completed startup sequence
1447698263556	addons.xpi-utils	DEBUG	Starting async load of XPI database C:\Users\Acer\AppData\Local\Temp\anonymous4733992855758213289webdriver-profile\extensions.json
*** Blocklist::_loadBlocklistFromFile: blocklist is disabled
1447698263775	addons.manager	DEBUG	Starting provider: <unnamed-provider>
1447698263775	addons.manager	DEBUG	Registering shutdown blocker for <unnamed-provider>
1447698263776	addons.manager	DEBUG	Provider finished startup: <unnamed-provider>
1447698263894	addons.xpi-utils	DEBUG	Async JSON file read took 0 MS
1447698263894	addons.xpi-utils	DEBUG	Finished async read of XPI database, parsing...
1447698263895	addons.xpi-utils	DEBUG	Successfully read XPI database
1447698263990	addons.manager	DEBUG	Starting provider: PreviousExperimentProvider
1447698263990	addons.manager	DEBUG	Registering shutdown blocker for PreviousExperimentProvider
1447698263990	addons.manager	DEBUG	Provider finished startup: PreviousExperimentProvider
JavaScript error: file:///C:/Users/Acer/AppData/Local/Temp/anonymous4733992855758213289webdriver-profile/extensions/fxdriver@googlecode.com/components/driver-component.js, line 11487: TypeError: this.server_ is undefined
JavaScript error: chrome://fxdriver/content/server.js, line 38: NS_ERROR_XPC_CI_RETURNED_FAILURE: Component returned failure code: 0x80570015 (NS_ERROR_XPC_CI_RETURNED_FAILURE) [nsIJSCID.createInstance]
JavaScript error: resource://skype_ff_extension-at-jetpack/skype_ff_extension/data/c2c_options_menu_localization.js, line 189: TypeError: document.getElementById(...) is null
1447698274097	addons.xpi	DEBUG	Calling bootstrap method shutdown on {82AF8DCA-6DE9-405D-BD5E-43525BDAD38A} version 7.5.0.9082
1447698274432	addons.manager	DEBUG	shutdown
1447698274433	addons.manager	DEBUG	Calling shutdown blocker for XPIProvider
1447698274433	addons.xpi	DEBUG	shutdown
1447698274433	addons.xpi-utils	DEBUG	shutdown
1447698274434	addons.manager	DEBUG	Calling shutdown blocker for LightweightThemeManager
1447698274435	addons.manager	DEBUG	Calling shutdown blocker for GMPProvider
1447698274438	addons.manager	DEBUG	Calling shutdown blocker for PluginProvider
1447698274439	addons.manager	DEBUG	Calling shutdown blocker for <unnamed-provider>
1447698274440	addons.manager	DEBUG	Calling shutdown blocker for PreviousExperimentProvider
1447698274444	addons.xpi	DEBUG	Notifying XPI shutdown observers
1447698274450	addons.manager	DEBUG	Async provider shutdown done

Build info: version: '2.44.0', revision: '76d78cf', time: '2014-10-23 20:02:37'
System info: host: 'Acer-Pc', ip: '192.168.198.1', os.name: 'Windows 8.1', os.arch: 'amd64', os.version: '6.3', java.version: '1.7.0_79'
Driver info: driver.version: FirefoxDriver
	at org.openqa.selenium.firefox.internal.NewProfileExtensionConnection.start(NewProfileExtensionConnection.java:130)
	at org.openqa.selenium.firefox.FirefoxDriver.startClient(FirefoxDriver.java:246)
	at org.openqa.selenium.remote.RemoteWebDriver.<init>(RemoteWebDriver.java:114)
	at org.openqa.selenium.firefox.FirefoxDriver.<init>(FirefoxDriver.java:193)
	at org.openqa.selenium.firefox.FirefoxDriver.<init>(FirefoxDriver.java:186)
	at org.openqa.selenium.firefox.FirefoxDriver.<init>(FirefoxDriver.java:182)
	at org.openqa.selenium.firefox.FirefoxDriver.<init>(FirefoxDriver.java:95)
	at com.fino.OBCOperativeAccountSummaryTest.setUp(OBCOperativeAccountSummaryTest.java:54)
	at sun.reflect.NativeMethodAccessorImpl.invoke0(Native Method)
	at sun.reflect.NativeMethodAccessorImpl.invoke(Unknown Source)
	at sun.reflect.DelegatingMethodAccessorImpl.invoke(Unknown Source)
	at java.lang.reflect.Method.invoke(Unknown Source)
	at org.testng.internal.MethodInvocationHelper.invokeMethod(MethodInvocationHelper.java:84)
	at org.testng.internal.Invoker.invokeConfigurationMethod(Invoker.java:564)
	at org.testng.internal.Invoker.invokeConfigurations(Invoker.java:213)
	at org.testng.internal.Invoker.invokeConfigurations(Invoker.java:138)
	at org.testng.internal.TestMethodWorker.invokeBeforeClassMethods(TestMethodWorker.java:175)
	at org.testng.internal.TestMethodWorker.run(TestMethodWorker.java:107)
	at org.testng.TestRunner.privateRun(TestRunner.java:767)
	at org.testng.TestRunner.run(TestRunner.java:617)
	at org.testng.SuiteRunner.runTest(SuiteRunner.java:334)
	at org.testng.SuiteRunner.runSequentially(SuiteRunner.java:329)
	at org.testng.SuiteRunner.privateRun(SuiteRunner.java:291)
	at org.testng.SuiteRunner.run(SuiteRunner.java:240)
	at org.testng.SuiteRunnerWorker.runSuite(SuiteRunnerWorker.java:52)
	at org.testng.SuiteRunnerWorker.run(SuiteRunnerWorker.java:86)
	at org.testng.TestNG.runSuitesSequentially(TestNG.java:1224)
	at org.testng.TestNG.runSuitesLocally(TestNG.java:1149)
	at org.testng.TestNG.run(TestNG.java:1057)
	at org.testng.remote.RemoteTestNG.run(RemoteTestNG.java:111)
	at org.testng.remote.RemoteTestNG.initAndRun(RemoteTestNG.java:204)
	at org.testng.remote.RemoteTestNG.main(RemoteTestNG.java:175)
Caused by: org.openqa.selenium.firefox.NotConnectedException: Unable to connect to host 127.0.0.1 on port 7055 after 45000 ms. Firefox console output:
972ce4c6-7e08-4474-a285-3208198ce6fd}":{"d":"C:\\Program Files (x86)\\Mozilla Firefox\\browser\\extensions\\{972ce4c6-7e08-4474-a285-3208198ce6fd}","e":true,"v":"42.0","st":1446891603699,"mt":1446891602346}}}
1447698261672	addons.xpi	DEBUG	No changes found
1447698263353	addons.xpi	DEBUG	Registering manifest for C:\Program Files (x86)\Mozilla Firefox\browser\extensions\{82AF8DCA-6DE9-405D-BD5E-43525BDAD38A}.xpi
1447698263355	addons.xpi	DEBUG	Loading bootstrap scope from C:\Program Files (x86)\Mozilla Firefox\browser\extensions\{82AF8DCA-6DE9-405D-BD5E-43525BDAD38A}.xpi
1447698263370	addons.xpi	DEBUG	Calling bootstrap method startup on {82AF8DCA-6DE9-405D-BD5E-43525BDAD38A} version 7.5.0.9082
1447698263437	addons.manager	DEBUG	Registering shutdown blocker for XPIProvider
1447698263437	addons.manager	DEBUG	Provider finished startup: XPIProvider
1447698263437	addons.manager	DEBUG	Starting provider: LightweightThemeManager
1447698263437	addons.manager	DEBUG	Registering shutdown blocker for LightweightThemeManager
1447698263438	addons.manager	DEBUG	Provider finished startup: LightweightThemeManager
1447698263438	addons.manager	DEBUG	Starting provider: GMPProvider
1447698263446	addons.manager	DEBUG	Registering shutdown blocker for GMPProvider
1447698263446	addons.manager	DEBUG	Provider finished startup: GMPProvider
1447698263446	addons.manager	DEBUG	Starting provider: PluginProvider
1447698263447	addons.manager	DEBUG	Registering shutdown blocker for PluginProvider
1447698263447	addons.manager	DEBUG	Provider finished startup: PluginProvider
1447698263447	addons.manager	DEBUG	Completed startup sequence
1447698263556	addons.xpi-utils	DEBUG	Starting async load of XPI database C:\Users\Acer\AppData\Local\Temp\anonymous4733992855758213289webdriver-profile\extensions.json
*** Blocklist::_loadBlocklistFromFile: blocklist is disabled
1447698263775	addons.manager	DEBUG	Starting provider: <unnamed-provider>
1447698263775	addons.manager	DEBUG	Registering shutdown blocker for <unnamed-provider>
1447698263776	addons.manager	DEBUG	Provider finished startup: <unnamed-provider>
1447698263894	addons.xpi-utils	DEBUG	Async JSON file read took 0 MS
1447698263894	addons.xpi-utils	DEBUG	Finished async read of XPI database, parsing...
1447698263895	addons.xpi-utils	DEBUG	Successfully read XPI database
1447698263990	addons.manager	DEBUG	Starting provider: PreviousExperimentProvider
1447698263990	addons.manager	DEBUG	Registering shutdown blocker for PreviousExperimentProvider
1447698263990	addons.manager	DEBUG	Provider finished startup: PreviousExperimentProvider
JavaScript error: file:///C:/Users/Acer/AppData/Local/Temp/anonymous4733992855758213289webdriver-profile/extensions/fxdriver@googlecode.com/components/driver-component.js, line 11487: TypeError: this.server_ is undefined
JavaScript error: chrome://fxdriver/content/server.js, line 38: NS_ERROR_XPC_CI_RETURNED_FAILURE: Component returned failure code: 0x80570015 (NS_ERROR_XPC_CI_RETURNED_FAILURE) [nsIJSCID.createInstance]
JavaScript error: resource://skype_ff_extension-at-jetpack/skype_ff_extension/data/c2c_options_menu_localization.js, line 189: TypeError: document.getElementById(...) is null
1447698274097	addons.xpi	DEBUG	Calling bootstrap method shutdown on {82AF8DCA-6DE9-405D-BD5E-43525BDAD38A} version 7.5.0.9082
1447698274432	addons.manager	DEBUG	shutdown
1447698274433	addons.manager	DEBUG	Calling shutdown blocker for XPIProvider
1447698274433	addons.xpi	DEBUG	shutdown
1447698274433	addons.xpi-utils	DEBUG	shutdown
1447698274434	addons.manager	DEBUG	Calling shutdown blocker for LightweightThemeManager
1447698274435	addons.manager	DEBUG	Calling shutdown blocker for GMPProvider
1447698274438	addons.manager	DEBUG	Calling shutdown blocker for PluginProvider
1447698274439	addons.manager	DEBUG	Calling shutdown blocker for <unnamed-provider>
1447698274440	addons.manager	DEBUG	Calling shutdown blocker for PreviousExperimentProvider
1447698274444	addons.xpi	DEBUG	Notifying XPI shutdown observers
1447698274450	addons.manager	DEBUG	Async provider shutdown done

	at org.openqa.selenium.firefox.internal.NewProfileExtensionConnection.start(NewProfileExtensionConnection.java:118)
	... 31 more
]]>
    </failure>
  </testcase> <!-- initiateWalkAwayTransactions -->
</testsuite> <!-- com.fino.OBCOperativeAccountSummaryTest -->
